<?xml version="1.0" encoding="UTF-8"?>
<!-- Generated by org.testng.reporters.JUnitReportReporter -->
<testsuite hostname="DESKTOP-4937DAR" failures="0" tests="1" name="assessments.TestCase1" time="27.561" errors="0" timestamp="2020-09-12T23:25:00 IST" skipped="0">
  <testcase classname="assessments.TestCase1" name="testCase1" time="27.561"/>
  <system-out/>
</testsuite> <!-- assessments.TestCase1 -->
