<?xml version="1.0" encoding="UTF-8"?>
<!-- Generated by org.testng.reporters.JUnitReportReporter -->
<testsuite hostname="DESKTOP-4937DAR" failures="0" tests="1" name="assessment.VisualBI.SampleTestCase" time="26.687" errors="0" timestamp="2020-09-12T21:51:50 IST" skipped="0">
  <testcase classname="assessment.VisualBI.SampleTestCase" name="testCase1" time="26.687"/>
  <system-out/>
</testsuite> <!-- assessment.VisualBI.SampleTestCase -->
